<?xml version="1.0" encoding="UTF-8"?>
<!-- Generated by org.testng.reporters.JUnitReportReporter -->
<testsuite hostname="JSAMateBookD15" failures="0" tests="1" name="doc.restusage.bExamples.Rest05000_GettingResponseData" time="1.661" errors="0" timestamp="2024-01-26T15:44:38 IST" skipped="0">
  <testcase classname="doc.restusage.bExamples.Rest05000_GettingResponseData" name="extractValuesFromResponseMultipleValues" time="1.661"/>
</testsuite> <!-- doc.restusage.bExamples.Rest05000_GettingResponseData -->
